Arguments: 
  /usr/bin/node /usr/local/bin/yarn publish

PATH: 
  /usr/local/sbin:/usr/local/bin:/usr/sbin:/usr/bin:/sbin:/bin:/usr/games:/usr/local/games:/snap/bin:/snap/bin:/opt/lampp/bin

Yarn version: 
  1.22.19

Node version: 
  12.22.9

Platform: 
  linux x64

Trace: 
  Error: canceled
      at Interface.<anonymous> (/usr/local/lib/node_modules/yarn/lib/cli.js:137150:13)
      at Interface.emit (events.js:314:20)
      at Interface._ttyWrite (readline.js:868:16)
      at ReadStream.onkeypress (readline.js:205:10)
      at ReadStream.emit (events.js:314:20)
      at emitKeys (internal/readline/utils.js:335:14)
      at emitKeys.next (<anonymous>)
      at ReadStream.onData (readline.js:1137:36)
      at ReadStream.emit (events.js:314:20)
      at addChunk (_stream_readable.js:297:12)

npm manifest: 
  {
      "name": "demo-package-nodejs",
      "version": "0.0.5",
      "description": "This is a sample package which follows the instructions for publishing a NodeJS package to Yarn. Yarn is used for both ergonomics and performance.",
      "main": "index.js",
      "repository": {
          "url": "https://gitlab.com/demo-package/demo-package-nodejs.git",
          "type": "git"
      },
      "author": "lvjhn",
      "license": "MIT",
      "keywords": [
          "demo-package",
          "packaging",
          "yarn",
          "npm",
          "package"
      ],
      "homepage": "https://gitlab.com/demo-package/demo-package-nodejs",
      "bugs": "https://gitlab.com/demo-package/demo-package-nodejs.git/~/issues",
      "files": [
          "index.js",
          "LICENSE.md",
          "README.md",
          "package.json",
          "bin/*.js",
          "src/*.js"
      ],
      "bin": {
          "demo-package": "bin/demo-package.js"
      },
      "dependencies": {
          "chance": "^1.1.8"
      }
  }

yarn manifest: 
  No manifest

Lockfile: 
  No lockfile
